<?xml version="1.0" encoding="UTF-8"?>
<!-- Generated by org.testng.reporters.JUnitReportReporter -->
<testsuite skipped="0" hostname="LAPTOP-KIO74HEK" name="Login.car" tests="4" failures="0" timestamp="2020-10-04T12:20:50 EDT" time="15.037" errors="0">
  <testcase name="testSetup" time="6.771" classname="Login.car"/>
  <system-out/>
  <testcase name="openBrowser" time="7.201" classname="Login.car"/>
  <system-out/>
  <testcase name="postSignUp" time="0.014" classname="Login.car"/>
  <system-out/>
  <testcase name="signUp" time="1.051" classname="Login.car"/>
  <system-out/>
</testsuite> <!-- Login.car -->
