<?xml version="1.0" encoding="UTF-8"?>
<!-- Generated by org.testng.reporters.JUnitReportReporter -->
<testsuite skipped="0" hostname="LAPTOP-KIO74HEK" name="Login.car" tests="4" failures="0" timestamp="2020-10-04T12:25:29 EDT" time="13.240" errors="0">
  <testcase name="openBrowser" time="6.372" classname="Login.car"/>
  <system-out/>
  <testcase name="postSignUp" time="0.006" classname="Login.car"/>
  <system-out/>
  <testcase name="signUp" time="1.071" classname="Login.car"/>
  <system-out/>
  <testcase name="testSetup" time="5.791" classname="Login.car"/>
  <system-out/>
</testsuite> <!-- Login.car -->
